<?xml version="1.0" encoding="UTF-8"?>
<testng-results ignored="0" total="6" passed="6" failed="0" skipped="0">
  <reporter-output>
  </reporter-output>
  <suite started-at="2025-05-15T00:16:22 IST" name="Suite" finished-at="2025-05-15T00:16:29 IST" duration-ms="7345">
    <groups>
    </groups>
    <test started-at="2025-05-15T00:16:22 IST" name="Test" finished-at="2025-05-15T00:16:29 IST" duration-ms="7345">
      <class name="TestSuite.InventoryTest">
        <test-method signature="getAllMenuItems()[pri:1, instance:TestSuite.InventoryTest@13b13b5d]" started-at="2025-05-15T00:16:22 IST" name="getAllMenuItems" finished-at="2025-05-15T00:16:27 IST" duration-ms="5068" status="PASS">
          <reporter-output>
          </reporter-output>
        </test-method> <!-- getAllMenuItems -->
        <test-method signature="getid3()[pri:2, instance:TestSuite.InventoryTest@13b13b5d]" started-at="2025-05-15T00:16:27 IST" name="getid3" finished-at="2025-05-15T00:16:27 IST" duration-ms="204" status="PASS">
          <reporter-output>
          </reporter-output>
        </test-method> <!-- getid3 -->
        <test-method signature="addNewItem_HawaiianPizza()[pri:3, instance:TestSuite.InventoryTest@13b13b5d]" started-at="2025-05-15T00:16:27 IST" name="addNewItem_HawaiianPizza" finished-at="2025-05-15T00:16:28 IST" duration-ms="991" status="PASS">
          <reporter-output>
          </reporter-output>
        </test-method> <!-- addNewItem_HawaiianPizza -->
        <test-method signature="addExistsItem_HawaiianPizza()[pri:4, instance:TestSuite.InventoryTest@13b13b5d]" started-at="2025-05-15T00:16:28 IST" name="addExistsItem_HawaiianPizza" finished-at="2025-05-15T00:16:29 IST" duration-ms="142" status="PASS">
          <reporter-output>
          </reporter-output>
        </test-method> <!-- addExistsItem_HawaiianPizza -->
        <test-method signature="addItem_missingInfo()[pri:5, instance:TestSuite.InventoryTest@13b13b5d]" started-at="2025-05-15T00:16:29 IST" name="addItem_missingInfo" finished-at="2025-05-15T00:16:29 IST" duration-ms="78" status="PASS">
          <reporter-output>
          </reporter-output>
        </test-method> <!-- addItem_missingInfo -->
        <test-method signature="getLastAddedItem()[pri:6, instance:TestSuite.InventoryTest@13b13b5d]" started-at="2025-05-15T00:16:29 IST" name="getLastAddedItem" finished-at="2025-05-15T00:16:29 IST" duration-ms="187" status="PASS">
          <reporter-output>
          </reporter-output>
        </test-method> <!-- getLastAddedItem -->
      </class> <!-- TestSuite.InventoryTest -->
    </test> <!-- Test -->
  </suite> <!-- Suite -->
</testng-results>
